\BOOKMARK [0][-]{part.1}{\376\377\000I\000\040\000B\000a\000c\000k\000g\000r\000o\000u\000n\000d\000\040\000Y\000o\000u\000\040\000N\000e\000e\000d}{}% 1
\BOOKMARK [1][-]{section.1}{\376\377\000C\000h\000a\000p\000t\000e\000r\000\040\0001\000:\000\040\000G\000r\000a\000v\000i\000t\000a\000t\000i\000o\000n\000a\000l\000\040\000L\000e\000n\000s\000i\000n\000g\000\040\000f\000r\000o\000m\000\040\000S\000c\000r\000a\000t\000c\000h}{part.1}% 2
\BOOKMARK [2][-]{subsection.1.1}{\376\377\000W\000h\000a\000t\000\040\000G\000r\000a\000v\000i\000t\000y\000\040\000D\000o\000e\000s\000\040\000t\000o\000\040\000L\000i\000g\000h\000t}{section.1}% 3
\BOOKMARK [2][-]{subsection.1.2}{\376\377\000S\000t\000r\000o\000n\000g\000,\000\040\000W\000e\000a\000k\000,\000\040\000a\000n\000d\000\040\000M\000i\000c\000r\000o\000\040\000L\000e\000n\000s\000i\000n\000g}{section.1}% 4
\BOOKMARK [2][-]{subsection.1.3}{\376\377\000T\000h\000e\000\040\000E\000i\000n\000s\000t\000e\000i\000n\000\040\000R\000a\000d\000i\000u\000s}{section.1}% 5
\BOOKMARK [2][-]{subsection.1.4}{\376\377\000W\000h\000a\000t\000\040\000R\000e\000a\000l\000\040\000S\000t\000r\000o\000n\000g\000\040\000L\000e\000n\000s\000e\000s\000\040\000L\000o\000o\000k\000\040\000L\000i\000k\000e}{section.1}% 6
\BOOKMARK [2][-]{subsection.1.5}{\376\377\000W\000h\000y\000\040\000M\000a\000s\000s\000i\000v\000e\000\040\000E\000l\000l\000i\000p\000t\000i\000c\000a\000l\000\040\000G\000a\000l\000a\000x\000i\000e\000s\000\040\000A\000r\000e\000\040\000t\000h\000e\000\040\000B\000e\000s\000t\000\040\000L\000e\000n\000s\000e\000s}{section.1}% 7
\BOOKMARK [2][-]{subsection.1.6}{\376\377\000S\000o\000u\000r\000c\000e\000\040\000P\000l\000a\000n\000e\000\040\000a\000n\000d\000\040\000I\000m\000a\000g\000e\000\040\000P\000l\000a\000n\000e}{section.1}% 8
\BOOKMARK [1][-]{section.2}{\376\377\000C\000h\000a\000p\000t\000e\000r\000\040\0002\000:\000\040\000W\000h\000y\000\040\000A\000s\000t\000r\000o\000n\000o\000m\000e\000r\000s\000\040\000C\000a\000r\000e\000\040\000A\000b\000o\000u\000t\000\040\000F\000i\000n\000d\000i\000n\000g\000\040\000L\000e\000n\000s\000e\000s}{part.1}% 9
\BOOKMARK [2][-]{subsection.2.1}{\376\377\000P\000o\000p\000u\000l\000a\000t\000i\000o\000n\000\040\000S\000t\000a\000t\000i\000s\000t\000i\000c\000s}{section.2}% 10
\BOOKMARK [2][-]{subsection.2.2}{\376\377\000C\000o\000n\000n\000e\000c\000t\000i\000o\000n\000\040\000t\000o\000\040\000D\000a\000r\000k\000\040\000M\000a\000t\000t\000e\000r\000,\000\040\000C\000o\000s\000m\000o\000l\000o\000g\000y\000,\000\040\000a\000n\000d\000\040\000G\000a\000l\000a\000x\000y\000\040\000E\000v\000o\000l\000u\000t\000i\000o\000n}{section.2}% 11
\BOOKMARK [2][-]{subsection.2.3}{\376\377\000T\000h\000e\000\040\000S\000e\000l\000e\000c\000t\000i\000o\000n\000\040\000F\000u\000n\000c\000t\000i\000o\000n\000\040\000C\000o\000n\000c\000e\000p\000t}{section.2}% 12
\BOOKMARK [2][-]{subsection.2.4}{\376\377\000T\000h\000e\000\040\000I\000n\000j\000e\000c\000t\000i\000o\000n\000-\000R\000e\000c\000o\000v\000e\000r\000y\000\040\000P\000a\000r\000a\000d\000i\000g\000m}{section.2}% 13
\BOOKMARK [2][-]{subsection.2.5}{\376\377\000T\000h\000e\000\040\000C\000r\000i\000t\000i\000c\000a\000l\000\040\000A\000s\000s\000u\000m\000p\000t\000i\000o\000n}{section.2}% 14
\BOOKMARK [1][-]{section.3}{\376\377\000C\000h\000a\000p\000t\000e\000r\000\040\0003\000:\000\040\000H\000o\000w\000\040\000C\000N\000N\000s\000\040\000S\000e\000e\000\040\000I\000m\000a\000g\000e\000s}{part.1}% 15
\BOOKMARK [2][-]{subsection.3.1}{\376\377\000N\000e\000u\000r\000a\000l\000\040\000N\000e\000t\000w\000o\000r\000k\000s}{section.3}% 16
\BOOKMARK [2][-]{subsection.3.2}{\376\377\000C\000o\000n\000v\000o\000l\000u\000t\000i\000o\000n\000a\000l\000\040\000N\000e\000u\000r\000a\000l\000\040\000N\000e\000t\000w\000o\000r\000k\000s}{section.3}% 17
\BOOKMARK [2][-]{subsection.3.3}{\376\377\000H\000i\000e\000r\000a\000r\000c\000h\000y\000\040\000o\000f\000\040\000F\000e\000a\000t\000u\000r\000e\000s}{section.3}% 18
\BOOKMARK [2][-]{subsection.3.4}{\376\377\000E\000f\000f\000i\000c\000i\000e\000n\000t\000N\000e\000t\000V\0002\000-\000S}{section.3}% 19
\BOOKMARK [2][-]{subsection.3.5}{\376\377\000T\000r\000a\000n\000s\000f\000e\000r\000\040\000L\000e\000a\000r\000n\000i\000n\000g}{section.3}% 20
\BOOKMARK [2][-]{subsection.3.6}{\376\377\000E\000m\000b\000e\000d\000d\000i\000n\000g\000s\000\040\000a\000n\000d\000\040\000F\000e\000a\000t\000u\000r\000e\000\040\000S\000p\000a\000c\000e}{section.3}% 21
\BOOKMARK [2][-]{subsection.3.7}{\376\377\000B\000i\000n\000a\000r\000y\000\040\000C\000l\000a\000s\000s\000i\000f\000i\000c\000a\000t\000i\000o\000n}{section.3}% 22
\BOOKMARK [1][-]{section.4}{\376\377\000C\000h\000a\000p\000t\000e\000r\000\040\0004\000:\000\040\000S\000t\000a\000t\000i\000s\000t\000i\000c\000s\000\040\000T\000o\000o\000l\000k\000i\000t}{part.1}% 23
\BOOKMARK [2][-]{subsection.4.1}{\376\377\000T\000h\000e\000\040\000R\000O\000C\000\040\000C\000u\000r\000v\000e\000\040\000a\000n\000d\000\040\000A\000U\000C}{section.4}% 24
\BOOKMARK [3][-]{subsubsection.4.1.1}{\376\377\000W\000h\000a\000t\000\040\000I\000s\000\040\000a\000\040\000C\000l\000a\000s\000s\000i\000f\000i\000e\000r\000\040\000T\000h\000r\000e\000s\000h\000o\000l\000d\000?}{subsection.4.1}% 25
\BOOKMARK [3][-]{subsubsection.4.1.2}{\376\377\000T\000r\000u\000e\000\040\000P\000o\000s\000i\000t\000i\000v\000e\000\040\000R\000a\000t\000e\000\040\000a\000n\000d\000\040\000F\000a\000l\000s\000e\000\040\000P\000o\000s\000i\000t\000i\000v\000e\000\040\000R\000a\000t\000e}{subsection.4.1}% 26
\BOOKMARK [3][-]{subsubsection.4.1.3}{\376\377\000T\000h\000e\000\040\000R\000O\000C\000\040\000C\000u\000r\000v\000e}{subsection.4.1}% 27
\BOOKMARK [3][-]{subsubsection.4.1.4}{\376\377\000A\000U\000C\000:\000\040\000A\000r\000e\000a\000\040\000U\000n\000d\000e\000r\000\040\000t\000h\000e\000\040\000C\000u\000r\000v\000e}{subsection.4.1}% 28
\BOOKMARK [3][-]{subsubsection.4.1.5}{\376\377\000I\000n\000t\000u\000i\000t\000i\000v\000e\000\040\000I\000n\000t\000e\000r\000p\000r\000e\000t\000a\000t\000i\000o\000n\000\040\000o\000f\000\040\000A\000U\000C}{subsection.4.1}% 29
\BOOKMARK [2][-]{subsection.4.2}{\376\377\000L\000o\000g\000i\000s\000t\000i\000c\000\040\000R\000e\000g\000r\000e\000s\000s\000i\000o\000n\000\040\000a\000s\000\040\000a\000\040\000`\000`\000L\000i\000n\000e\000a\000r\000\040\000P\000r\000o\000b\000e\000'\000'}{section.4}% 30
\BOOKMARK [3][-]{subsubsection.4.2.1}{\376\377\000W\000h\000a\000t\000\040\000I\000s\000\040\000L\000o\000g\000i\000s\000t\000i\000c\000\040\000R\000e\000g\000r\000e\000s\000s\000i\000o\000n\000?}{subsection.4.2}% 31
\BOOKMARK [3][-]{subsubsection.4.2.2}{\376\377\000W\000h\000y\000\040\000`\000`\000L\000i\000n\000e\000a\000r\000'\000'\000?}{subsection.4.2}% 32
\BOOKMARK [3][-]{subsubsection.4.2.3}{\376\377\000U\000s\000i\000n\000g\000\040\000I\000t\000\040\000a\000s\000\040\000a\000\040\000P\000r\000o\000b\000e}{subsection.4.2}% 33
\BOOKMARK [2][-]{subsection.4.3}{\376\377\000C\000r\000o\000s\000s\000-\000V\000a\000l\000i\000d\000a\000t\000i\000o\000n\000\040\000\050\000k\000-\000F\000o\000l\000d\000\051}{section.4}% 34
\BOOKMARK [3][-]{subsubsection.4.3.1}{\376\377\000W\000h\000y\000\040\000N\000o\000t\000\040\000T\000e\000s\000t\000\040\000o\000n\000\040\000T\000r\000a\000i\000n\000i\000n\000g\000\040\000D\000a\000t\000a\000?}{subsection.4.3}% 35
\BOOKMARK [3][-]{subsubsection.4.3.2}{\376\377\000T\000h\000e\000\040\000k\000-\000F\000o\000l\000d\000\040\000P\000r\000o\000c\000e\000d\000u\000r\000e}{subsection.4.3}% 36
\BOOKMARK [3][-]{subsubsection.4.3.3}{\376\377\000I\000n\000\040\000O\000u\000r\000\040\000P\000a\000p\000e\000r}{subsection.4.3}% 37
\BOOKMARK [2][-]{subsection.4.4}{\376\377\000C\000o\000n\000f\000i\000d\000e\000n\000c\000e\000\040\000I\000n\000t\000e\000r\000v\000a\000l\000s}{section.4}% 38
\BOOKMARK [3][-]{subsubsection.4.4.1}{\376\377\000W\000i\000l\000s\000o\000n\000\040\000S\000c\000o\000r\000e\000\040\000I\000n\000t\000e\000r\000v\000a\000l\000\040\000f\000o\000r\000\040\000P\000r\000o\000p\000o\000r\000t\000i\000o\000n\000s}{subsection.4.4}% 39
\BOOKMARK [3][-]{subsubsection.4.4.2}{\376\377\000B\000o\000o\000t\000s\000t\000r\000a\000p\000\040\000C\000o\000n\000f\000i\000d\000e\000n\000c\000e\000\040\000I\000n\000t\000e\000r\000v\000a\000l\000s\000\040\000f\000o\000r\000\040\000A\000U\000C}{subsection.4.4}% 40
\BOOKMARK [2][-]{subsection.4.5}{\376\377\000P\000e\000r\000m\000u\000t\000a\000t\000i\000o\000n\000\040\000T\000e\000s\000t\000s}{section.4}% 41
\BOOKMARK [3][-]{subsubsection.4.5.1}{\376\377\000T\000h\000e\000\040\000L\000o\000g\000i\000c}{subsection.4.5}% 42
\BOOKMARK [3][-]{subsubsection.4.5.2}{\376\377\000T\000h\000e\000\040\000P\000r\000o\000c\000e\000d\000u\000r\000e}{subsection.4.5}% 43
\BOOKMARK [3][-]{subsubsection.4.5.3}{\376\377\000W\000h\000y\000\040\000P\000e\000r\000m\000u\000t\000a\000t\000i\000o\000n\000\040\000T\000e\000s\000t\000s\000\040\000A\000r\000e\000\040\000P\000o\000w\000e\000r\000f\000u\000l}{subsection.4.5}% 44
\BOOKMARK [2][-]{subsection.4.6}{\376\377\000F\000r\000\351\000c\000h\000e\000t\000\040\000D\000i\000s\000t\000a\000n\000c\000e}{section.4}% 45
\BOOKMARK [2][-]{subsection.4.7}{\376\377\000U\000n\000d\000e\000r\000s\000t\000a\000n\000d\000i\000n\000g\000\040\000p\000-\000V\000a\000l\000u\000e\000s}{section.4}% 46
\BOOKMARK [2][-]{subsection.4.8}{\376\377\000C\000o\000m\000p\000a\000r\000i\000n\000g\000\040\000T\000w\000o\000\040\000P\000r\000o\000p\000o\000r\000t\000i\000o\000n\000s\000:\000\040\000T\000h\000e\000\040\000T\000w\000o\000-\000P\000r\000o\000p\000o\000r\000t\000i\000o\000n\000\040\000z\000-\000T\000e\000s\000t}{section.4}% 47
\BOOKMARK [2][-]{subsection.4.9}{\376\377\000T\000h\000e\000\040\000S\000i\000g\000n\000\040\000T\000e\000s\000t}{section.4}% 48
\BOOKMARK [1][-]{section.5}{\376\377\000C\000h\000a\000p\000t\000e\000r\000\040\0005\000:\000\040\000T\000h\000e\000\040\000D\000E\000S\000I\000\040\000L\000e\000g\000a\000c\000y\000\040\000I\000m\000a\000g\000i\000n\000g\000\040\000S\000u\000r\000v\000e\000y}{part.1}% 49
\BOOKMARK [2][-]{subsection.5.1}{\376\377\000W\000h\000a\000t\000\040\000I\000s\000\040\000D\000E\000S\000I\000?}{section.5}% 50
\BOOKMARK [2][-]{subsection.5.2}{\376\377\000D\000a\000t\000a\000\040\000R\000e\000l\000e\000a\000s\000e\000\040\0001\0000\000\040\000\050\000D\000R\0001\0000\000\051}{section.5}% 51
\BOOKMARK [2][-]{subsection.5.3}{\376\377\000T\000h\000e\000\040\000T\000h\000r\000e\000e\000\040\000O\000p\000t\000i\000c\000a\000l\000\040\000B\000a\000n\000d\000s}{section.5}% 52
\BOOKMARK [2][-]{subsection.5.4}{\376\377\000P\000i\000x\000e\000l\000\040\000S\000c\000a\000l\000e\000:\000\040\000W\000h\000a\000t\000\040\000D\000o\000e\000s\000\040\0000\000.\0002\0006\0002\000\040\000A\000r\000c\000s\000e\000c\000\040\000M\000e\000a\000n\000?}{section.5}% 53
\BOOKMARK [2][-]{subsection.5.5}{\376\377\000D\000e\000p\000t\000h\000:\000\040\000H\000o\000w\000\040\000F\000a\000i\000n\000t\000\040\000C\000a\000n\000\040\000W\000e\000\040\000S\000e\000e\000?}{section.5}% 54
\BOOKMARK [2][-]{subsection.5.6}{\376\377\000S\000e\000e\000i\000n\000g\000:\000\040\000A\000t\000m\000o\000s\000p\000h\000e\000r\000i\000c\000\040\000B\000l\000u\000r\000r\000i\000n\000g}{section.5}% 55
\BOOKMARK [2][-]{subsection.5.7}{\376\377\000N\000a\000n\000o\000m\000a\000g\000g\000i\000e\000s\000:\000\040\000T\000h\000e\000\040\000F\000l\000u\000x\000\040\000U\000n\000i\000t}{section.5}% 56
\BOOKMARK [2][-]{subsection.5.8}{\376\377\000C\000u\000t\000o\000u\000t\000s\000:\000\040\000O\000u\000r\000\040\0001\0000\0001\0001\0000\0001\000\040\000P\000i\000x\000e\000l\000\040\000I\000m\000a\000g\000e\000s}{section.5}% 57
\BOOKMARK [2][-]{subsection.5.9}{\376\377\000S\000u\000r\000v\000e\000y\000\040\000C\000o\000v\000e\000r\000a\000g\000e}{section.5}% 58
\BOOKMARK [1][-]{section.6}{\376\377\000C\000h\000a\000p\000t\000e\000r\000\040\0006\000:\000\040\000P\000r\000i\000o\000r\000\040\000W\000o\000r\000k\000\040\000T\000h\000i\000s\000\040\000P\000a\000p\000e\000r\000\040\000B\000u\000i\000l\000d\000s\000\040\000O\000n}{part.1}% 59
\BOOKMARK [2][-]{subsection.6.1}{\376\377\000H\000e\000r\000l\000e\000\040\000e\000t\000\040\000a\000l\000.\000\040\000\050\0002\0000\0002\0004\000\051\000:\000\040\000B\000i\000a\000s\000e\000s\000\040\000i\000n\000\040\000C\000N\000N\000\040\000D\000e\000t\000e\000c\000t\000i\000o\000n}{section.6}% 60
\BOOKMARK [2][-]{subsection.6.2}{\376\377\000C\000a\000n\000a\000m\000e\000r\000a\000s\000\040\000e\000t\000\040\000a\000l\000.\000\040\000\050\0002\0000\0002\0004\000,\000\040\000H\000O\000L\000I\000S\000M\000O\000K\000E\000S\000\040\000X\000I\000\051\000:\000\040\000R\000e\000a\000l\000-\000G\000a\000l\000a\000x\000y\000\040\000S\000o\000u\000r\000c\000e\000s}{section.6}% 61
\BOOKMARK [2][-]{subsection.6.3}{\376\377\000C\000o\000l\000l\000e\000t\000t\000\040\000\046\000\040\000C\000u\000n\000n\000i\000n\000g\000t\000o\000n\000\040\000\050\0002\0000\0002\0002\000\051\000:\000\040\000T\000h\000e\000\040\000I\000n\000j\000e\000c\000t\000i\000o\000n\000-\000R\000e\000c\000o\000v\000e\000r\000y\000\040\000F\000r\000a\000m\000e\000w\000o\000r\000k}{section.6}% 62
\BOOKMARK [2][-]{subsection.6.4}{\376\377\000H\000u\000a\000n\000g\000\040\000e\000t\000\040\000a\000l\000.\000\040\000\050\0002\0000\0002\0000\000\051\000:\000\040\000T\000h\000e\000\040\000D\000E\000C\000a\000L\000S\000\040\000L\000e\000n\000s\000\040\000C\000a\000t\000a\000l\000o\000g}{section.6}% 63
\BOOKMARK [2][-]{subsection.6.5}{\376\377\000T\000h\000e\000\040\000G\000a\000p\000\040\000O\000u\000r\000\040\000P\000a\000p\000e\000r\000\040\000F\000i\000l\000l\000s}{section.6}% 64
\BOOKMARK [0][-]{part.2}{\376\377\000I\000I\000\040\000W\000h\000a\000t\000\040\000W\000e\000\040\000D\000i\000d}{}% 65
\BOOKMARK [1][-]{section.7}{\376\377\000C\000h\000a\000p\000t\000e\000r\000\040\0007\000:\000\040\000O\000u\000r\000\040\000D\000a\000t\000a\000\040\000a\000n\000d\000\040\000M\000o\000d\000e\000l}{part.2}% 66
\BOOKMARK [2][-]{subsection.7.1}{\376\377\000T\000h\000e\000\040\000T\000r\000a\000i\000n\000i\000n\000g\000\040\000S\000e\000t\000:\000\040\0004\0005\0001\000,\0006\0008\0001\000\040\000C\000u\000t\000o\000u\000t\000s}{section.7}% 67
\BOOKMARK [2][-]{subsection.7.2}{\376\377\000P\000o\000s\000i\000t\000i\000v\000e\000\040\000E\000x\000a\000m\000p\000l\000e\000s\000:\000\040\000T\000i\000e\000r\000-\000A\000\040\000a\000n\000d\000\040\000T\000i\000e\000r\000-\000B\000\040\000L\000e\000n\000s\000e\000s}{section.7}% 68
\BOOKMARK [3][-]{subsubsection.7.2.1}{\376\377\000T\000i\000e\000r\000-\000A\000\040\000P\000o\000s\000i\000t\000i\000v\000e\000s\000:\000\040\000S\000p\000e\000c\000t\000r\000o\000s\000c\000o\000p\000i\000c\000a\000l\000l\000y\000\040\000C\000o\000n\000f\000i\000r\000m\000e\000d}{subsection.7.2}% 69
\BOOKMARK [3][-]{subsubsection.7.2.2}{\376\377\000T\000i\000e\000r\000-\000B\000\040\000P\000o\000s\000i\000t\000i\000v\000e\000s\000:\000\040\000V\000i\000s\000u\000a\000l\000\040\000C\000a\000n\000d\000i\000d\000a\000t\000e\000s}{subsection.7.2}% 70
\BOOKMARK [2][-]{subsection.7.3}{\376\377\000N\000e\000g\000a\000t\000i\000v\000e\000\040\000E\000x\000a\000m\000p\000l\000e\000s\000:\000\040\000N\000o\000n\000-\000L\000e\000n\000s\000\040\000G\000a\000l\000a\000x\000i\000e\000s}{section.7}% 71
\BOOKMARK [2][-]{subsection.7.4}{\376\377\000C\000l\000a\000s\000s\000\040\000I\000m\000b\000a\000l\000a\000n\000c\000e\000:\000\040\000O\000n\000e\000\040\000L\000e\000n\000s\000\040\000p\000e\000r\000\040\0009\0003\000\040\000N\000o\000n\000-\000L\000e\000n\000s\000e\000s}{section.7}% 72
\BOOKMARK [2][-]{subsection.7.5}{\376\377\000S\000p\000a\000t\000i\000a\000l\000\040\000I\000n\000t\000e\000g\000r\000i\000t\000y\000:\000\040\000W\000h\000y\000\040\000H\000E\000A\000L\000P\000i\000x\000\040\000M\000a\000t\000t\000e\000r\000s}{section.7}% 73
\BOOKMARK [2][-]{subsection.7.6}{\376\377\000T\000w\000o\000-\000P\000h\000a\000s\000e\000\040\000T\000r\000a\000i\000n\000i\000n\000g}{section.7}% 74
\BOOKMARK [2][-]{subsection.7.7}{\376\377\000A\000u\000g\000m\000e\000n\000t\000a\000t\000i\000o\000n\000:\000\040\000F\000l\000i\000p\000\040\000a\000n\000d\000\040\000R\000o\000t\000a\000t\000e}{section.7}% 75
\BOOKMARK [2][-]{subsection.7.8}{\376\377\000P\000r\000e\000p\000r\000o\000c\000e\000s\000s\000i\000n\000g\000:\000\040\000r\000a\000w\000\137\000r\000o\000b\000u\000s\000t\000\040\000M\000o\000d\000e}{section.7}% 76
\BOOKMARK [1][-]{section.8}{\376\377\000C\000h\000a\000p\000t\000e\000r\000\040\0008\000:\000\040\000T\000h\000e\000\040\000I\000n\000j\000e\000c\000t\000i\000o\000n\000\040\000P\000i\000p\000e\000l\000i\000n\000e}{part.2}% 77
\BOOKMARK [2][-]{subsection.8.1}{\376\377\000T\000h\000e\000\040\000G\000o\000a\000l}{section.8}% 78
\BOOKMARK [2][-]{subsection.8.2}{\376\377\000T\000h\000e\000\040\000L\000e\000n\000s\000\040\000M\000o\000d\000e\000l\000:\000\040\000S\000i\000n\000g\000u\000l\000a\000r\000\040\000I\000s\000o\000t\000h\000e\000r\000m\000a\000l\000\040\000E\000l\000l\000i\000p\000s\000o\000i\000d\000\040\000\050\000S\000I\000E\000\051}{section.8}% 79
\BOOKMARK [2][-]{subsection.8.3}{\376\377\000T\000h\000e\000\040\000S\000o\000u\000r\000c\000e\000\040\000M\000o\000d\000e\000l\000:\000\040\000S\000\351\000r\000s\000i\000c\000\040\000P\000r\000o\000f\000i\000l\000e}{section.8}% 80
\BOOKMARK [3][-]{subsubsection.8.3.1}{\376\377\000W\000h\000y\000\040\000S\000\351\000r\000s\000i\000c\000\040\000I\000s\000\040\000`\000`\000T\000o\000o\000\040\000S\000m\000o\000o\000t\000h\000'\000'}{subsection.8.3}% 81
\BOOKMARK [2][-]{subsection.8.4}{\376\377\000S\000o\000u\000r\000c\000e\000\040\000P\000o\000s\000i\000t\000i\000o\000n\000:\000\040\000f\000r\000a\000c}{section.8}% 82
\BOOKMARK [2][-]{subsection.8.5}{\376\377\000R\000a\000y\000-\000T\000r\000a\000c\000i\000n\000g\000:\000\040\000F\000r\000o\000m\000\040\000S\000o\000u\000r\000c\000e\000\040\000t\000o\000\040\000I\000m\000a\000g\000e}{section.8}% 83
\BOOKMARK [2][-]{subsection.8.6}{\376\377\000P\000S\000F\000\040\000C\000o\000n\000v\000o\000l\000u\000t\000i\000o\000n}{section.8}% 84
\BOOKMARK [2][-]{subsection.8.7}{\376\377\000F\000l\000u\000x\000\040\000C\000a\000l\000i\000b\000r\000a\000t\000i\000o\000n}{section.8}% 85
\BOOKMARK [2][-]{subsection.8.8}{\376\377\000H\000o\000s\000t\000\040\000G\000a\000l\000a\000x\000i\000e\000s}{section.8}% 86
\BOOKMARK [2][-]{subsection.8.9}{\376\377\000T\000h\000e\000\040\000P\000i\000p\000e\000l\000i\000n\000e\000\040\000i\000n\000\040\000O\000n\000e\000\040\000P\000i\000c\000t\000u\000r\000e}{section.8}% 87
\BOOKMARK [2][-]{subsection.8.10}{\376\377\000S\000u\000m\000m\000a\000r\000y}{section.8}% 88
\BOOKMARK [1][-]{section.9}{\376\377\000C\000h\000a\000p\000t\000e\000r\000\040\0009\000:\000\040\000R\000e\000s\000u\000l\000t\000s\040\024\000T\000h\000e\000\040\000G\000a\000p}{part.2}% 89
\BOOKMARK [2][-]{subsection.9.1}{\376\377\000R\000e\000a\000l\000\040\000L\000e\000n\000s\000\040\000P\000e\000r\000f\000o\000r\000m\000a\000n\000c\000e}{section.9}% 90
\BOOKMARK [2][-]{subsection.9.2}{\376\377\000I\000n\000j\000e\000c\000t\000i\000o\000n\000\040\000C\000o\000m\000p\000l\000e\000t\000e\000n\000e\000s\000s}{section.9}% 91
\BOOKMARK [2][-]{subsection.9.3}{\376\377\000T\000h\000e\000\040\000B\000r\000i\000g\000h\000t\000n\000e\000s\000s\000-\000M\000a\000t\000c\000h\000e\000d\000\040\000C\000o\000m\000p\000a\000r\000i\000s\000o\000n}{section.9}% 92
\BOOKMARK [2][-]{subsection.9.4}{\376\377\000T\000h\000e\000\040\000L\000i\000n\000e\000a\000r\000\040\000P\000r\000o\000b\000e\000:\000\040\000T\000h\000e\000\040\000P\000a\000p\000e\000r\000'\000s\000\040\000K\000e\000y\000\040\000D\000i\000a\000g\000n\000o\000s\000t\000i\000c}{section.9}% 93
\BOOKMARK [2][-]{subsection.9.5}{\376\377\000T\000h\000e\000\040\000T\000i\000e\000r\000-\000A\000\040\000v\000s\000.\000\040\000T\000i\000e\000r\000-\000B\000\040\000C\000o\000n\000t\000r\000o\000l\000\040\000P\000r\000o\000b\000e}{section.9}% 94
\BOOKMARK [2][-]{subsection.9.6}{\376\377\000T\000h\000e\000\040\000B\000o\000u\000n\000d\000i\000n\000g\000\040\000A\000r\000g\000u\000m\000e\000n\000t}{section.9}% 95
\BOOKMARK [2][-]{subsection.9.7}{\376\377\000F\000r\000\351\000c\000h\000e\000t\000\040\000D\000i\000s\000t\000a\000n\000c\000e\000s\000\040\000L\000a\000y\000e\000r\000\040\000b\000y\000\040\000L\000a\000y\000e\000r}{section.9}% 96
\BOOKMARK [2][-]{subsection.9.8}{\376\377\000V\000i\000s\000u\000a\000l\000\040\000S\000u\000m\000m\000a\000r\000i\000e\000s}{section.9}% 97
\BOOKMARK [2][-]{subsection.9.9}{\376\377\000W\000h\000a\000t\000\040\000t\000h\000e\000\040\000G\000a\000p\000\040\000M\000e\000a\000n\000s}{section.9}% 98
\BOOKMARK [1][-]{section.10}{\376\377\000C\000h\000a\000p\000t\000e\000r\000\040\0001\0000\000:\000\040\000T\000h\000e\000\040\000P\000o\000i\000s\000s\000o\000n\000\040\000N\000o\000i\000s\000e\000\040\000E\000x\000p\000e\000r\000i\000m\000e\000n\000t}{part.2}% 99
\BOOKMARK [2][-]{subsection.10.1}{\376\377\000T\000h\000e\000\040\000H\000y\000p\000o\000t\000h\000e\000s\000i\000s}{section.10}% 100
\BOOKMARK [2][-]{subsection.10.2}{\376\377\000S\000h\000o\000t\000\040\000N\000o\000i\000s\000e\000:\000\040\000W\000h\000a\000t\000\040\000I\000t\000\040\000I\000s\000\040\000a\000n\000d\000\040\000W\000h\000y\000\040\000I\000t\000\040\000M\000a\000t\000t\000e\000r\000s}{section.10}% 101
\BOOKMARK [2][-]{subsection.10.3}{\376\377\000T\000h\000e\000\040\000P\000h\000o\000t\000o\000e\000l\000e\000c\000t\000r\000o\000n\000\040\000B\000u\000d\000g\000e\000t\000:\000\040\000A\000\040\000W\000o\000r\000k\000e\000d\000\040\000E\000x\000a\000m\000p\000l\000e}{section.10}% 102
\BOOKMARK [3][-]{subsubsection.10.3.1}{\376\377\000L\000e\000n\000s\000e\000d\000\040\000M\000a\000g\000n\000i\000t\000u\000d\000e\000\040\0002\0001}{subsection.10.3}% 103
\BOOKMARK [3][-]{subsubsection.10.3.2}{\376\377\000L\000e\000n\000s\000e\000d\000\040\000M\000a\000g\000n\000i\000t\000u\000d\000e\000\040\0002\0002}{subsection.10.3}% 104
\BOOKMARK [3][-]{subsubsection.10.3.3}{\376\377\000L\000e\000n\000s\000e\000d\000\040\000M\000a\000g\000n\000i\000t\000u\000d\000e\000\040\0002\0003}{subsection.10.3}% 105
\BOOKMARK [2][-]{subsection.10.4}{\376\377\000T\000h\000e\000\040\000P\000a\000i\000r\000e\000d\000\040\000E\000x\000p\000e\000r\000i\000m\000e\000n\000t\000a\000l\000\040\000D\000e\000s\000i\000g\000n}{section.10}% 106
\BOOKMARK [2][-]{subsection.10.5}{\376\377\000T\000h\000e\000\040\000S\000u\000r\000p\000r\000i\000s\000e\000:\000\040\000R\000e\000g\000i\000m\000e\000-\000D\000e\000p\000e\000n\000d\000e\000n\000t\000\040\000R\000e\000s\000u\000l\000t\000s}{section.10}% 107
\BOOKMARK [2][-]{subsection.10.6}{\376\377\000T\000h\000e\000\040\000D\000u\000a\000l\000\040\000M\000e\000c\000h\000a\000n\000i\000s\000m\000\040\000I\000n\000t\000e\000r\000p\000r\000e\000t\000a\000t\000i\000o\000n}{section.10}% 108
\BOOKMARK [2][-]{subsection.10.7}{\376\377\000T\000h\000e\000\040\000E\000\040\000D\000e\000p\000e\000n\000d\000e\000n\000c\000e}{section.10}% 109
\BOOKMARK [2][-]{subsection.10.8}{\376\377\000G\000a\000i\000n\000\040\000S\000w\000e\000e\000p\000\040\000C\000o\000n\000t\000r\000o\000l}{section.10}% 110
\BOOKMARK [2][-]{subsection.10.9}{\376\377\000T\000h\000e\000\040\000P\000o\000i\000s\000s\000o\000n\000-\000C\000l\000i\000p\000p\000i\000n\000g\000\040\000I\000n\000t\000e\000r\000a\000c\000t\000i\000o\000n}{section.10}% 111
\BOOKMARK [2][-]{subsection.10.10}{\376\377\000C\000o\000n\000c\000l\000u\000s\000i\000o\000n}{section.10}% 112
\BOOKMARK [1][-]{section.11}{\376\377\000C\000h\000a\000p\000t\000e\000r\000\040\0001\0001\000:\000\040\000T\000h\000e\000\040\000P\000e\000r\000m\000u\000t\000a\000t\000i\000o\000n\000\040\000T\000e\000s\000t\000\040\000a\000n\000d\000\040\000B\000o\000o\000t\000s\000t\000r\000a\000p}{part.2}% 113
\BOOKMARK [2][-]{subsection.11.1}{\376\377\000W\000h\000y\000\040\000W\000e\000\040\000D\000i\000d\000\040\000T\000h\000i\000s}{section.11}% 114
\BOOKMARK [2][-]{subsection.11.2}{\376\377\000T\000h\000e\000\040\000P\000e\000r\000m\000u\000t\000a\000t\000i\000o\000n\000\040\000T\000e\000s\000t}{section.11}% 115
\BOOKMARK [2][-]{subsection.11.3}{\376\377\000R\000e\000s\000u\000l\000t\000s}{section.11}% 116
\BOOKMARK [2][-]{subsection.11.4}{\376\377\000T\000h\000e\000\040\000B\000o\000o\000t\000s\000t\000r\000a\000p\000\040\000C\000o\000n\000f\000i\000d\000e\000n\000c\000e\000\040\000I\000n\000t\000e\000r\000v\000a\000l}{section.11}% 117
\BOOKMARK [2][-]{subsection.11.5}{\376\377\000W\000h\000a\000t\000\040\000T\000h\000i\000s\000\040\000P\000r\000o\000v\000e\000s}{section.11}% 118
\BOOKMARK [0][-]{part.3}{\376\377\000I\000I\000I\000\040\000W\000h\000a\000t\000\040\000I\000t\000\040\000M\000e\000a\000n\000s}{}% 119
\BOOKMARK [1][-]{section.12}{\376\377\000C\000h\000a\000p\000t\000e\000r\000\040\0001\0002\000:\000\040\000D\000i\000s\000c\000u\000s\000s\000i\000o\000n\000\040\000a\000n\000d\000\040\000S\000i\000g\000n\000i\000f\000i\000c\000a\000n\000c\000e}{part.3}% 120
\BOOKMARK [2][-]{subsection.12.1}{\376\377\000H\000o\000w\000\040\000O\000u\000r\000\040\000W\000o\000r\000k\000\040\000R\000e\000l\000a\000t\000e\000s\000\040\000t\000o\000\040\000P\000r\000i\000o\000r\000\040\000P\000a\000p\000e\000r\000s}{section.12}% 121
\BOOKMARK [3][-]{subsubsection.12.1.1}{\376\377\000H\000e\000r\000l\000e\000\040\000e\000t\000\040\000a\000l\000.\000\040\000\050\0002\0000\0002\0004\000\051}{subsection.12.1}% 122
\BOOKMARK [3][-]{subsubsection.12.1.2}{\376\377\000C\000a\000n\000a\000m\000e\000r\000a\000s\000\040\000e\000t\000\040\000a\000l\000.\000\040\000\050\0002\0000\0002\0004\000,\000\040\000H\000O\000L\000I\000S\000M\000O\000K\000E\000S\000\040\000X\000I\000\051}{subsection.12.1}% 123
\BOOKMARK [3][-]{subsubsection.12.1.3}{\376\377\000T\000h\000e\000\040\000`\000`\000R\000e\000a\000l\000i\000s\000m\000\040\000G\000a\000t\000e\000'\000'\000\040\000P\000r\000o\000p\000o\000s\000a\000l}{subsection.12.1}% 124
\BOOKMARK [2][-]{subsection.12.2}{\376\377\000I\000m\000p\000l\000i\000c\000a\000t\000i\000o\000n\000s\000\040\000f\000o\000r\000\040\000L\000e\000n\000s\000\040\000P\000o\000p\000u\000l\000a\000t\000i\000o\000n\000\040\000S\000t\000u\000d\000i\000e\000s}{section.12}% 125
\BOOKMARK [2][-]{subsection.12.3}{\376\377\000A\000l\000l\000\040\000E\000i\000g\000h\000t\000\040\000L\000i\000m\000i\000t\000a\000t\000i\000o\000n\000s\000\040\000E\000x\000p\000l\000a\000i\000n\000e\000d}{section.12}% 126
\BOOKMARK [2][-]{subsection.12.4}{\376\377\000F\000u\000t\000u\000r\000e\000\040\000D\000i\000r\000e\000c\000t\000i\000o\000n\000s}{section.12}% 127
\BOOKMARK [1][-]{section.13}{\376\377\000C\000h\000a\000p\000t\000e\000r\000\040\0001\0003\000:\000\040\000H\000o\000w\000\040\000t\000o\000\040\000D\000e\000f\000e\000n\000d\000\040\000T\000h\000i\000s\000\040\000R\000e\000s\000e\000a\000r\000c\000h}{part.3}% 128
\BOOKMARK [2][-]{subsection.13.1}{\376\377\000T\000h\000e\000\040\000F\000o\000u\000r\000\040\000C\000o\000n\000t\000r\000i\000b\000u\000t\000i\000o\000n\000s\000\040\000\050\000S\000t\000a\000t\000e\000d\000\040\000P\000l\000a\000i\000n\000l\000y\000\051}{section.13}% 129
\BOOKMARK [2][-]{subsection.13.2}{\376\377\000A\000n\000t\000i\000c\000i\000p\000a\000t\000e\000d\000\040\000T\000o\000u\000g\000h\000\040\000Q\000u\000e\000s\000t\000i\000o\000n\000s\000\040\000a\000n\000d\000\040\000A\000n\000s\000w\000e\000r\000s}{section.13}% 130
\BOOKMARK [3][-]{subsubsection.13.2.1}{\376\377\000`\000`\000I\000s\000n\000'\000t\000\040\000t\000h\000e\000\040\000A\000U\000C\000\040\000j\000u\000s\000t\000\040\000m\000e\000a\000s\000u\000r\000i\000n\000g\000\040\000h\000o\000s\000t\000\040\000g\000a\000l\000a\000x\000y\000\040\000d\000i\000f\000f\000e\000r\000e\000n\000c\000e\000s\000,\000\040\000n\000o\000t\000\040\000a\000r\000c\000\040\000m\000o\000r\000p\000h\000o\000l\000o\000g\000y\000?\000'\000'}{subsection.13.2}% 131
\BOOKMARK [3][-]{subsubsection.13.2.2}{\376\377\000`\000`\000W\000e\000\040\000a\000l\000r\000e\000a\000d\000y\000\040\000k\000n\000e\000w\000\040\000S\000\351\000r\000s\000i\000c\000\040\000w\000a\000s\000\040\000t\000o\000o\000\040\000s\000i\000m\000p\000l\000e\000.\000\040\000W\000h\000a\000t\000'\000s\000\040\000n\000e\000w\000?\000'\000'}{subsection.13.2}% 132
\BOOKMARK [3][-]{subsubsection.13.2.3}{\376\377\000`\000`\000W\000h\000y\000\040\000d\000i\000d\000n\000'\000t\000\040\000y\000o\000u\000\040\000j\000u\000s\000t\000\040\000u\000s\000e\000\040\000r\000e\000a\000l\000\040\000g\000a\000l\000a\000x\000y\000\040\000s\000t\000a\000m\000p\000s\000?\000'\000'}{subsection.13.2}% 133
\BOOKMARK [3][-]{subsubsection.13.2.4}{\376\377\000`\000`\0001\0001\0002\000\040\000l\000e\000n\000s\000e\000s\000\040\000i\000s\000n\000'\000t\000\040\000e\000n\000o\000u\000g\000h\000.\000'\000'}{subsection.13.2}% 134
\BOOKMARK [3][-]{subsubsection.13.2.5}{\376\377\000`\000`\000Y\000o\000u\000r\000\040\000P\000o\000i\000s\000s\000o\000n\000\040\000e\000x\000p\000e\000r\000i\000m\000e\000n\000t\000\040\000j\000u\000s\000t\000\040\000s\000h\000o\000w\000s\000\040\000d\000i\000s\000t\000r\000i\000b\000u\000t\000i\000o\000n\000\040\000s\000h\000i\000f\000t\000,\000\040\000n\000o\000t\000\040\000a\000\040\000r\000e\000a\000l\000\040\000t\000e\000x\000t\000u\000r\000e\000\040\000e\000f\000f\000e\000c\000t\000.\000'\000'}{subsection.13.2}% 135
\BOOKMARK [2][-]{subsection.13.3}{\376\377\000W\000h\000a\000t\000\040\000W\000e\000\040\000D\000i\000d\000\040\000N\000O\000T\000\040\000C\000l\000a\000i\000m\000\040\000\050\000T\000h\000e\000\040\000I\000m\000p\000o\000r\000t\000a\000n\000c\000e\000\040\000o\000f\000\040\000H\000o\000n\000e\000s\000t\000\040\000H\000e\000d\000g\000i\000n\000g\000\051}{section.13}% 136
